[20250326 11:30:28:066][INFO ][o.h.validator.internal.util.Version] HV000001: Hibernate Validator 8.0.2.Final
[20250326 11:30:28:131][INFO ][com.mysite.jgo.JgoApplication] Starting JgoApplication using Java 21.0.5 with PID 6952 (C:\Users\HKIT\springboot-workspace\jgo\bin\main started by HKIT in C:\Users\HKIT\springboot-workspace\jgo)
[20250326 11:30:28:132][INFO ][com.mysite.jgo.JgoApplication] No active profile set, falling back to 1 default profile: "default"
[20250326 11:30:28:465][INFO ][o.s.b.d.e.DevToolsPropertyDefaultsPostProcessor] Devtools property defaults active! Set 'spring.devtools.add-properties' to 'false' to disable
[20250326 11:30:28:465][INFO ][o.s.b.d.e.DevToolsPropertyDefaultsPostProcessor] For additional web related logging consider setting the 'logging.level.web' property to 'DEBUG'
[20250326 11:30:29:424][INFO ][o.s.d.r.c.RepositoryConfigurationDelegate] Bootstrapping Spring Data JPA repositories in DEFAULT mode.
[20250326 11:30:29:509][INFO ][o.s.d.r.c.RepositoryConfigurationDelegate] Finished Spring Data repository scanning in 70 ms. Found 3 JPA repository interfaces.
[20250326 11:30:30:319][INFO ][o.s.b.w.embedded.tomcat.TomcatWebServer] Tomcat initialized with port 8080 (http)
[20250326 11:30:30:337][INFO ][o.apache.coyote.http11.Http11NioProtocol] Initializing ProtocolHandler ["http-nio-8080"]
[20250326 11:30:30:340][INFO ][o.apache.catalina.core.StandardService] Starting service [Tomcat]
[20250326 11:30:30:341][INFO ][org.apache.catalina.core.StandardEngine] Starting Servlet engine: [Apache Tomcat/10.1.34]
[20250326 11:30:30:413][INFO ][o.a.c.c.C.[Tomcat].[localhost].[/]] Initializing Spring embedded WebApplicationContext
[20250326 11:30:30:413][INFO ][o.s.b.w.s.c.ServletWebServerApplicationContext] Root WebApplicationContext: initialization completed in 1946 ms
[20250326 11:30:30:636][INFO ][o.hibernate.jpa.internal.util.LogHelper] HHH000204: Processing PersistenceUnitInfo [name: default]
[20250326 11:30:30:727][INFO ][org.hibernate.Version] HHH000412: Hibernate ORM core version 6.6.5.Final
[20250326 11:30:30:781][INFO ][o.h.c.internal.RegionFactoryInitiator] HHH000026: Second-level cache disabled
[20250326 11:30:31:260][INFO ][o.s.o.j.p.SpringPersistenceUnitInfo] No LoadTimeWeaver setup: ignoring JPA class transformer
[20250326 11:30:31:315][INFO ][com.zaxxer.hikari.HikariDataSource] HikariPool-1 - Starting...
[20250326 11:30:31:734][INFO ][com.zaxxer.hikari.pool.HikariPool] HikariPool-1 - Added connection conn0: url=jdbc:h2:~/jgo user=SA
[20250326 11:30:31:736][INFO ][com.zaxxer.hikari.HikariDataSource] HikariPool-1 - Start completed.
[20250326 11:30:31:773][WARN ][org.hibernate.orm.deprecation] HHH90000025: H2Dialect does not need to be specified explicitly using 'hibernate.dialect' (remove the property setting and it will be selected by default)
[20250326 11:30:31:802][INFO ][org.hibernate.orm.connections.pooling] HHH10001005: Database info:
	Database JDBC URL [Connecting through datasource 'HikariDataSource (HikariPool-1)']
	Database driver: undefined/unknown
	Database version: 2.3.232
	Autocommit mode: undefined/unknown
	Isolation level: undefined/unknown
	Minimum pool size: undefined/unknown
	Maximum pool size: undefined/unknown
[20250326 11:30:33:199][INFO ][o.h.e.t.j.p.i.JtaPlatformInitiator] HHH000489: No JTA platform available (set 'hibernate.transaction.jta.platform' to enable JTA platform integration)
[20250326 11:30:33:294][INFO ][o.s.o.j.LocalContainerEntityManagerFactoryBean] Initialized JPA EntityManagerFactory for persistence unit 'default'
[20250326 11:30:33:622][INFO ][o.s.d.j.r.query.QueryEnhancerFactory] Hibernate is in classpath; If applicable, HQL parser will be used.
[20250326 11:30:34:438][WARN ][o.s.b.a.o.j.JpaBaseConfiguration$JpaWebConfiguration] spring.jpa.open-in-view is enabled by default. Therefore, database queries may be performed during view rendering. Explicitly configure spring.jpa.open-in-view to disable this warning
[20250326 11:30:34:470][INFO ][o.s.s.c.a.a.c.InitializeUserDetailsBeanManagerConfigurer$InitializeUserDetailsManagerConfigurer] Global AuthenticationManager configured with UserDetailsService bean with name memberSecurityService
[20250326 11:30:35:191][INFO ][o.s.b.a.h2.H2ConsoleAutoConfiguration] H2 console available at '/h2-console'. Database available at 'jdbc:h2:~/jgo'
[20250326 11:30:35:283][INFO ][o.s.b.d.a.OptionalLiveReloadServer] LiveReload server is running on port 35729
[20250326 11:30:35:312][INFO ][o.apache.coyote.http11.Http11NioProtocol] Starting ProtocolHandler ["http-nio-8080"]
[20250326 11:30:35:333][INFO ][o.s.b.w.embedded.tomcat.TomcatWebServer] Tomcat started on port 8080 (http) with context path '/'
[20250326 11:30:35:345][INFO ][com.mysite.jgo.JgoApplication] Started JgoApplication in 7.886 seconds (process running for 9.704)
[20250326 11:31:22:780][INFO ][o.a.c.c.C.[Tomcat].[localhost].[/]] Initializing Spring DispatcherServlet 'dispatcherServlet'
[20250326 11:31:22:780][INFO ][o.s.web.servlet.DispatcherServlet] Initializing Servlet 'dispatcherServlet'
[20250326 11:31:22:782][INFO ][o.s.web.servlet.DispatcherServlet] Completed initialization in 2 ms
[20250326 11:36:23:058][INFO ][o.s.b.a.SpringApplicationAdminMXBeanRegistrar$SpringApplicationAdmin] Application shutdown requested.
[20250326 11:36:23:065][INFO ][o.s.b.w.embedded.tomcat.GracefulShutdown] Commencing graceful shutdown. Waiting for active requests to complete
[20250326 11:36:23:067][INFO ][o.apache.coyote.http11.Http11NioProtocol] Pausing ProtocolHandler ["http-nio-8080"]
[20250326 11:36:23:074][INFO ][o.s.b.w.embedded.tomcat.GracefulShutdown] Graceful shutdown complete
[20250326 11:36:23:076][INFO ][o.apache.coyote.http11.Http11NioProtocol] Stopping ProtocolHandler ["http-nio-8080"]
[20250326 11:36:23:087][INFO ][o.s.o.j.LocalContainerEntityManagerFactoryBean] Closing JPA EntityManagerFactory for persistence unit 'default'
[20250326 11:36:23:091][INFO ][com.zaxxer.hikari.HikariDataSource] HikariPool-1 - Shutdown initiated...
[20250326 11:36:23:096][INFO ][com.zaxxer.hikari.HikariDataSource] HikariPool-1 - Shutdown completed.
